\BOOKMARK [1][-]{section.1}{\376\377\004\034\004\075\004\070\004\074\004\103\004\074\000\040\0001}{}% 1
\BOOKMARK [2][-]{subsection.1.1}{\376\377\004\023\004\073\004\060\004\062\004\060\000\040\0001}{section.1}% 2
\BOOKMARK [3][-]{subsubsection.1.1.1}{\376\377\004\021\004\070\004\073\004\065\004\102\000\040\0001}{subsection.1.1}% 3
\BOOKMARK [3][-]{subsubsection.1.1.2}{\376\377\004\021\004\070\004\073\004\065\004\102\000\040\0002}{subsection.1.1}% 4
\BOOKMARK [3][-]{subsubsection.1.1.3}{\376\377\004\021\004\070\004\073\004\065\004\102\000\040\0003}{subsection.1.1}% 5
\BOOKMARK [3][-]{subsubsection.1.1.4}{\376\377\004\021\004\070\004\073\004\065\004\102\000\040\0004\000:}{subsection.1.1}% 6
\BOOKMARK [3][-]{subsubsection.1.1.5}{\376\377\004\021\004\070\004\073\004\065\004\102\000\040\0005}{subsection.1.1}% 7
\BOOKMARK [3][-]{subsubsection.1.1.6}{\376\377\004\021\004\070\004\073\004\065\004\102\000\040\0006}{subsection.1.1}% 8
\BOOKMARK [3][-]{subsubsection.1.1.7}{\376\377\004\021\004\070\004\073\004\065\004\102\000\040\0007}{subsection.1.1}% 9
\BOOKMARK [3][-]{subsubsection.1.1.8}{\376\377\004\021\004\070\004\073\004\065\004\102\000\040\0008}{subsection.1.1}% 10
\BOOKMARK [2][-]{subsection.1.2}{\376\377\004\023\004\073\004\060\004\062\004\060\000\040\0002}{section.1}% 11
\BOOKMARK [3][-]{subsubsection.1.2.1}{\376\377\004\021\004\070\004\073\004\065\004\102\000\040\0001}{subsection.1.2}% 12
\BOOKMARK [3][-]{subsubsection.1.2.2}{\376\377\004\021\004\070\004\073\004\065\004\102\000\040\0002}{subsection.1.2}% 13
\BOOKMARK [3][-]{subsubsection.1.2.3}{\376\377\004\021\004\070\004\073\004\065\004\102\000\040\0003}{subsection.1.2}% 14
\BOOKMARK [3][-]{subsubsection.1.2.4}{\376\377\004\021\004\070\004\073\004\065\004\102\000\040\0004}{subsection.1.2}% 15
\BOOKMARK [3][-]{subsubsection.1.2.5}{\376\377\004\021\004\070\004\073\004\065\004\102\000\040\0005}{subsection.1.2}% 16
\BOOKMARK [3][-]{subsubsection.1.2.6}{\376\377\004\021\004\070\004\073\004\065\004\102\000\040\0006}{subsection.1.2}% 17
\BOOKMARK [3][-]{subsubsection.1.2.7}{\376\377\004\021\004\070\004\073\004\065\004\102\000\040\0007}{subsection.1.2}% 18
\BOOKMARK [1][-]{section.2}{\376\377\004\034\004\070\004\075\004\070\004\074\004\103\004\074\000\040\0002}{}% 19
\BOOKMARK [2][-]{subsection.2.1}{\376\377\004\021\004\070\004\073\004\065\004\102\000\040\0001}{section.2}% 20
\BOOKMARK [2][-]{subsection.2.2}{\376\377\004\021\004\070\004\073\004\065\004\102\000\040\0002}{section.2}% 21
\BOOKMARK [2][-]{subsection.2.3}{\376\377\004\021\004\070\004\073\004\065\004\102\000\040\0003}{section.2}% 22
\BOOKMARK [2][-]{subsection.2.4}{\376\377\004\021\004\070\004\073\004\065\004\102\000\040\0004}{section.2}% 23
\BOOKMARK [2][-]{subsection.2.5}{\376\377\004\021\004\070\004\073\004\065\004\102\000\040\0005}{section.2}% 24
\BOOKMARK [2][-]{subsection.2.6}{\376\377\004\021\004\070\004\073\004\065\004\102\000\040\0006}{section.2}% 25
\BOOKMARK [2][-]{subsection.2.7}{\376\377\004\021\004\070\004\073\004\065\004\102\000\040\0007}{section.2}% 26
\BOOKMARK [2][-]{subsection.2.8}{\376\377\004\021\004\070\004\073\004\065\004\102\000\040\0008}{section.2}% 27
\BOOKMARK [2][-]{subsection.2.9}{\376\377\004\021\004\070\004\073\004\065\004\102\000\040\0009}{section.2}% 28
\BOOKMARK [2][-]{subsection.2.10}{\376\377\004\021\004\070\004\073\004\065\004\102\000\040\0001\0000}{section.2}% 29
\BOOKMARK [2][-]{subsection.2.11}{\376\377\004\021\004\070\004\073\004\065\004\102\000\040\0001\0001}{section.2}% 30
\BOOKMARK [2][-]{subsection.2.12}{\376\377\004\021\004\070\004\073\004\065\004\102\000\040\0001\0002}{section.2}% 31
\BOOKMARK [2][-]{subsection.2.13}{\376\377\004\021\004\070\004\073\004\065\004\102\000\040\0001\0003}{section.2}% 32
\BOOKMARK [2][-]{subsection.2.14}{\376\377\004\021\004\070\004\073\004\065\004\102\000\040\0001\0004}{section.2}% 33
\BOOKMARK [2][-]{subsection.2.15}{\376\377\004\021\004\070\004\073\004\065\004\102\000\040\0001\0005}{section.2}% 34
