This is pdfTeX, Version 3.141592653-2.6-1.40.25 (MiKTeX 23.4) (preloaded format=pdflatex 2023.5.13)  30 MAY 2023 23:03
entering extended mode
 restricted \write18 enabled.
 file:line:error style messages enabled.
 %&-line parsing enabled.
**"b:/University/4 semestr/formal_languages_and_grammars.tex/tickets.tex"
(b:/University/4 semestr/formal_languages_and_grammars.tex/tickets.tex
LaTeX2e <2022-11-01> patch level 1
L3 programming layer <2023-03-30> (C:\Program Files\MiKTeX\tex/latex/base\article.cls
Document Class: article 2022/07/02 v1.4n Standard LaTeX document class
(C:\Program Files\MiKTeX\tex/latex/base\size10.clo
File: size10.clo 2022/07/02 v1.4n Standard LaTeX file (size option)
)
\c@part=\count185
\c@section=\count186
\c@subsection=\count187
\c@subsubsection=\count188
\c@paragraph=\count189
\c@subparagraph=\count190
\c@figure=\count191
\c@table=\count192
\abovecaptionskip=\skip48
\belowcaptionskip=\skip49
\bibindent=\dimen140
) (C:\Program Files\MiKTeX\tex/latex/base\fontenc.sty
Package: fontenc 2021/04/29 v2.0v Standard LaTeX package
 (C:\Program Files\MiKTeX\tex/latex/cyrillic\t2aenc.def
File: t2aenc.def 2022/06/11 v1.0j Cyrillic encoding definition file
Now handling font encoding T2A ...
... processing UTF-8 mapping file for font encoding T2A
 (C:\Program Files\MiKTeX\tex/latex/base\t2aenc.dfu
File: t2aenc.dfu 2022/06/07 v1.3c UTF-8 support
   defining Unicode char U+00A4 (decimal 164)
   defining Unicode char U+00A7 (decimal 167)
   defining Unicode char U+00AB (decimal 171)
   defining Unicode char U+00BB (decimal 187)
   defining Unicode char U+0131 (decimal 305)
   defining Unicode char U+0237 (decimal 567)
   defining Unicode char U+0400 (decimal 1024)
   defining Unicode char U+0401 (decimal 1025)
   defining Unicode char U+0402 (decimal 1026)
   defining Unicode char U+0403 (decimal 1027)
   defining Unicode char U+0404 (decimal 1028)
   defining Unicode char U+0405 (decimal 1029)
   defining Unicode char U+0406 (decimal 1030)
   defining Unicode char U+0407 (decimal 1031)
   defining Unicode char U+0408 (decimal 1032)
   defining Unicode char U+0409 (decimal 1033)
   defining Unicode char U+040A (decimal 1034)
   defining Unicode char U+040B (decimal 1035)
   defining Unicode char U+040C (decimal 1036)
   defining Unicode char U+040D (decimal 1037)
   defining Unicode char U+040E (decimal 1038)
   defining Unicode char U+040F (decimal 1039)
   defining Unicode char U+0410 (decimal 1040)
   defining Unicode char U+0411 (decimal 1041)
   defining Unicode char U+0412 (decimal 1042)
   defining Unicode char U+0413 (decimal 1043)
   defining Unicode char U+0414 (decimal 1044)
   defining Unicode char U+0415 (decimal 1045)
   defining Unicode char U+0416 (decimal 1046)
   defining Unicode char U+0417 (decimal 1047)
   defining Unicode char U+0418 (decimal 1048)
   defining Unicode char U+0419 (decimal 1049)
   defining Unicode char U+041A (decimal 1050)
   defining Unicode char U+041B (decimal 1051)
   defining Unicode char U+041C (decimal 1052)
   defining Unicode char U+041D (decimal 1053)
   defining Unicode char U+041E (decimal 1054)
   defining Unicode char U+041F (decimal 1055)
   defining Unicode char U+0420 (decimal 1056)
   defining Unicode char U+0421 (decimal 1057)
   defining Unicode char U+0422 (decimal 1058)
   defining Unicode char U+0423 (decimal 1059)
   defining Unicode char U+0424 (decimal 1060)
   defining Unicode char U+0425 (decimal 1061)
   defining Unicode char U+0426 (decimal 1062)
   defining Unicode char U+0427 (decimal 1063)
   defining Unicode char U+0428 (decimal 1064)
   defining Unicode char U+0429 (decimal 1065)
   defining Unicode char U+042A (decimal 1066)
   defining Unicode char U+042B (decimal 1067)
   defining Unicode char U+042C (decimal 1068)
   defining Unicode char U+042D (decimal 1069)
   defining Unicode char U+042E (decimal 1070)
   defining Unicode char U+042F (decimal 1071)
   defining Unicode char U+0430 (decimal 1072)
   defining Unicode char U+0431 (decimal 1073)
   defining Unicode char U+0432 (decimal 1074)
   defining Unicode char U+0433 (decimal 1075)
   defining Unicode char U+0434 (decimal 1076)
   defining Unicode char U+0435 (decimal 1077)
   defining Unicode char U+0436 (decimal 1078)
   defining Unicode char U+0437 (decimal 1079)
   defining Unicode char U+0438 (decimal 1080)
   defining Unicode char U+0439 (decimal 1081)
   defining Unicode char U+043A (decimal 1082)
   defining Unicode char U+043B (decimal 1083)
   defining Unicode char U+043C (decimal 1084)
   defining Unicode char U+043D (decimal 1085)
   defining Unicode char U+043E (decimal 1086)
   defining Unicode char U+043F (decimal 1087)
   defining Unicode char U+0440 (decimal 1088)
   defining Unicode char U+0441 (decimal 1089)
   defining Unicode char U+0442 (decimal 1090)
   defining Unicode char U+0443 (decimal 1091)
   defining Unicode char U+0444 (decimal 1092)
   defining Unicode char U+0445 (decimal 1093)
   defining Unicode char U+0446 (decimal 1094)
   defining Unicode char U+0447 (decimal 1095)
   defining Unicode char U+0448 (decimal 1096)
   defining Unicode char U+0449 (decimal 1097)
   defining Unicode char U+044A (decimal 1098)
   defining Unicode char U+044B (decimal 1099)
   defining Unicode char U+044C (decimal 1100)
   defining Unicode char U+044D (decimal 1101)
   defining Unicode char U+044E (decimal 1102)
   defining Unicode char U+044F (decimal 1103)
   defining Unicode char U+0450 (decimal 1104)
   defining Unicode char U+0451 (decimal 1105)
   defining Unicode char U+0452 (decimal 1106)
   defining Unicode char U+0453 (decimal 1107)
   defining Unicode char U+0454 (decimal 1108)
   defining Unicode char U+0455 (decimal 1109)
   defining Unicode char U+0456 (decimal 1110)
   defining Unicode char U+0457 (decimal 1111)
   defining Unicode char U+0458 (decimal 1112)
   defining Unicode char U+0459 (decimal 1113)
   defining Unicode char U+045A (decimal 1114)
   defining Unicode char U+045B (decimal 1115)
   defining Unicode char U+045C (decimal 1116)
   defining Unicode char U+045D (decimal 1117)
   defining Unicode char U+045E (decimal 1118)
   defining Unicode char U+045F (decimal 1119)
   defining Unicode char U+0490 (decimal 1168)
   defining Unicode char U+0491 (decimal 1169)
   defining Unicode char U+0492 (decimal 1170)
   defining Unicode char U+0493 (decimal 1171)
   defining Unicode char U+0496 (decimal 1174)
   defining Unicode char U+0497 (decimal 1175)
   defining Unicode char U+0498 (decimal 1176)
   defining Unicode char U+0499 (decimal 1177)
   defining Unicode char U+049A (decimal 1178)
   defining Unicode char U+049B (decimal 1179)
   defining Unicode char U+049C (decimal 1180)
   defining Unicode char U+049D (decimal 1181)
   defining Unicode char U+04A0 (decimal 1184)
   defining Unicode char U+04A1 (decimal 1185)
   defining Unicode char U+04A2 (decimal 1186)
   defining Unicode char U+04A3 (decimal 1187)
   defining Unicode char U+04A4 (decimal 1188)
   defining Unicode char U+04A5 (decimal 1189)
   defining Unicode char U+04AA (decimal 1194)
   defining Unicode char U+04AB (decimal 1195)
   defining Unicode char U+04AE (decimal 1198)
   defining Unicode char U+04AF (decimal 1199)
   defining Unicode char U+04B0 (decimal 1200)
   defining Unicode char U+04B1 (decimal 1201)
   defining Unicode char U+04B2 (decimal 1202)
   defining Unicode char U+04B3 (decimal 1203)
   defining Unicode char U+04B6 (decimal 1206)
   defining Unicode char U+04B7 (decimal 1207)
   defining Unicode char U+04B8 (decimal 1208)
   defining Unicode char U+04B9 (decimal 1209)
   defining Unicode char U+04BA (decimal 1210)
   defining Unicode char U+04BB (decimal 1211)
   defining Unicode char U+04C0 (decimal 1216)
   defining Unicode char U+04C1 (decimal 1217)
   defining Unicode char U+04C2 (decimal 1218)
   defining Unicode char U+04D0 (decimal 1232)
   defining Unicode char U+04D1 (decimal 1233)
   defining Unicode char U+04D2 (decimal 1234)
   defining Unicode char U+04D3 (decimal 1235)
   defining Unicode char U+04D4 (decimal 1236)
   defining Unicode char U+04D5 (decimal 1237)
   defining Unicode char U+04D6 (decimal 1238)
   defining Unicode char U+04D7 (decimal 1239)
   defining Unicode char U+04D8 (decimal 1240)
   defining Unicode char U+04D9 (decimal 1241)
   defining Unicode char U+04DA (decimal 1242)
   defining Unicode char U+04DB (decimal 1243)
   defining Unicode char U+04DC (decimal 1244)
   defining Unicode char U+04DD (decimal 1245)
   defining Unicode char U+04DE (decimal 1246)
   defining Unicode char U+04DF (decimal 1247)
   defining Unicode char U+04E2 (decimal 1250)
   defining Unicode char U+04E3 (decimal 1251)
   defining Unicode char U+04E4 (decimal 1252)
   defining Unicode char U+04E5 (decimal 1253)
   defining Unicode char U+04E6 (decimal 1254)
   defining Unicode char U+04E7 (decimal 1255)
   defining Unicode char U+04E8 (decimal 1256)
   defining Unicode char U+04E9 (decimal 1257)
   defining Unicode char U+04EC (decimal 1260)
   defining Unicode char U+04ED (decimal 1261)
   defining Unicode char U+04EE (decimal 1262)
   defining Unicode char U+04EF (decimal 1263)
   defining Unicode char U+04F0 (decimal 1264)
   defining Unicode char U+04F1 (decimal 1265)
   defining Unicode char U+04F2 (decimal 1266)
   defining Unicode char U+04F3 (decimal 1267)
   defining Unicode char U+04F4 (decimal 1268)
   defining Unicode char U+04F5 (decimal 1269)
   defining Unicode char U+04F8 (decimal 1272)
   defining Unicode char U+04F9 (decimal 1273)
   defining Unicode char U+200C (decimal 8204)
   defining Unicode char U+2013 (decimal 8211)
   defining Unicode char U+2014 (decimal 8212)
   defining Unicode char U+2018 (decimal 8216)
   defining Unicode char U+2019 (decimal 8217)
   defining Unicode char U+201C (decimal 8220)
   defining Unicode char U+201D (decimal 8221)
   defining Unicode char U+201E (decimal 8222)
   defining Unicode char U+2030 (decimal 8240)
   defining Unicode char U+2031 (decimal 8241)
   defining Unicode char U+2116 (decimal 8470)
   defining Unicode char U+2329 (decimal 9001)
   defining Unicode char U+3008 (decimal 12296)
   defining Unicode char U+232A (decimal 9002)
   defining Unicode char U+3009 (decimal 12297)
   defining Unicode char U+2423 (decimal 9251)
   defining Unicode char U+27E8 (decimal 10216)
   defining Unicode char U+27E9 (decimal 10217)
   defining Unicode char U+FB00 (decimal 64256)
   defining Unicode char U+FB01 (decimal 64257)
   defining Unicode char U+FB02 (decimal 64258)
   defining Unicode char U+FB03 (decimal 64259)
   defining Unicode char U+FB04 (decimal 64260)
   defining Unicode char U+FB05 (decimal 64261)
   defining Unicode char U+FB06 (decimal 64262)
))
LaTeX Font Info:    Trying to load font information for T2A+cmr on input line 112.
 (C:\Program Files\MiKTeX\tex/latex/cyrillic\t2acmr.fd
File: t2acmr.fd 2001/08/11 v1.0a Computer Modern Cyrillic font definitions
)) (C:\Program Files\MiKTeX\tex/latex/base\inputenc.sty
Package: inputenc 2021/02/14 v1.3d Input encoding file
\inpenc@prehook=\toks16
\inpenc@posthook=\toks17
 (C:\Program Files\MiKTeX\tex/latex/cyrillic\cp1251.def
File: cp1251.def 2022/06/11 v1.0e Input encoding file
)) (C:\Program Files\MiKTeX\tex/latex/amsfonts\amssymb.sty
Package: amssymb 2013/01/14 v3.01 AMS font symbols
 (C:\Program Files\MiKTeX\tex/latex/amsfonts\amsfonts.sty
Package: amsfonts 2013/01/14 v3.01 Basic AMSFonts support
\@emptytoks=\toks18
\symAMSa=\mathgroup4
\symAMSb=\mathgroup5
LaTeX Font Info:    Redeclaring math symbol \hbar on input line 98.
LaTeX Font Info:    Overwriting math alphabet `\mathfrak' in version `bold'
(Font)                  U/euf/m/n --> U/euf/b/n on input line 106.
)) (C:\Program Files\MiKTeX\tex/generic/babel\babel.sty
Package: babel 2023/03/28 3.87 The Babel package
\babel@savecnt=\count193
\U@D=\dimen141
\l@unhyphenated=\language79
 (C:\Program Files\MiKTeX\tex/generic/babel\txtbabel.def)
\bbl@readstream=\read2
\bbl@dirlevel=\count194

*************************************
* Local config file bblopts.cfg used
*
(C:\Program Files\MiKTeX\tex/latex/arabi\bblopts.cfg
File: bblopts.cfg 2005/09/08 v0.1 add Arabic and Farsi to "declared" options of babel
) (C:\Program Files\MiKTeX\tex/latex/babel-russian\russianb.ldf
File: russianb.ldf 2021/01/10 1.3m Russian support for the Babel system
Language: russian 2020/09/09 1.3k Russian support for the Babel system
Package babel Info: Making " an active character on input line 124.
Package babel Info: Default for \cyrdash is provided on input line 163.
)) (C:\Program Files\MiKTeX\tex/generic/babel/locale/ru\babel-russian.tex
Package babel Info: Importing font and identification data for russian
(babel)             from babel-ru.ini. Reported on input line 11.
) (C:\Program Files\MiKTeX\tex/latex/graphics\graphicx.sty
Package: graphicx 2021/09/16 v1.2d Enhanced LaTeX Graphics (DPC,SPQR)
 (C:\Program Files\MiKTeX\tex/latex/graphics\keyval.sty
Package: keyval 2022/05/29 v1.15 key=value parser (DPC)
\KV@toks@=\toks19
) (C:\Program Files\MiKTeX\tex/latex/graphics\graphics.sty
Package: graphics 2022/03/10 v1.4e Standard LaTeX Graphics (DPC,SPQR)
 (C:\Program Files\MiKTeX\tex/latex/graphics\trig.sty
Package: trig 2021/08/11 v1.11 sin cos tan (DPC)
) (C:\Program Files\MiKTeX\tex/latex/graphics-cfg\graphics.cfg
File: graphics.cfg 2016/06/04 v1.11 sample graphics configuration
)
Package graphics Info: Driver file: pdftex.def on input line 107.
 (C:\Program Files\MiKTeX\tex/latex/graphics-def\pdftex.def
File: pdftex.def 2022/09/22 v1.2b Graphics/color driver for pdftex
))
\Gin@req@height=\dimen142
\Gin@req@width=\dimen143
) (C:\Program Files\MiKTeX\tex/latex/hyperref\hyperref.sty
Package: hyperref 2023-02-07 v7.00v Hypertext links for LaTeX
 (C:\Program Files\MiKTeX\tex/generic/ltxcmds\ltxcmds.sty
Package: ltxcmds 2020-05-10 v1.25 LaTeX kernel commands for general use (HO)
) (C:\Program Files\MiKTeX\tex/generic/iftex\iftex.sty
Package: iftex 2022/02/03 v1.0f TeX engine tests
) (C:\Program Files\MiKTeX\tex/generic/pdftexcmds\pdftexcmds.sty
Package: pdftexcmds 2020-06-27 v0.33 Utility functions of pdfTeX for LuaTeX (HO)
 (C:\Program Files\MiKTeX\tex/generic/infwarerr\infwarerr.sty
Package: infwarerr 2019/12/03 v1.5 Providing info/warning/error messages (HO)
)
Package pdftexcmds Info: \pdf@primitive is available.
Package pdftexcmds Info: \pdf@ifprimitive is available.
Package pdftexcmds Info: \pdfdraftmode found.
) (C:\Program Files\MiKTeX\tex/latex/kvsetkeys\kvsetkeys.sty
Package: kvsetkeys 2022-10-05 v1.19 Key value parser (HO)
) (C:\Program Files\MiKTeX\tex/generic/kvdefinekeys\kvdefinekeys.sty
Package: kvdefinekeys 2019-12-19 v1.6 Define keys (HO)
) (C:\Program Files\MiKTeX\tex/generic/pdfescape\pdfescape.sty
Package: pdfescape 2019/12/09 v1.15 Implements pdfTeX's escape features (HO)
) (C:\Program Files\MiKTeX\tex/latex/hycolor\hycolor.sty
Package: hycolor 2020-01-27 v1.10 Color options for hyperref/bookmark (HO)
) (C:\Program Files\MiKTeX\tex/latex/letltxmacro\letltxmacro.sty
Package: letltxmacro 2019/12/03 v1.6 Let assignment for LaTeX macros (HO)
) (C:\Program Files\MiKTeX\tex/latex/auxhook\auxhook.sty
Package: auxhook 2019-12-17 v1.6 Hooks for auxiliary files (HO)
) (C:\Program Files\MiKTeX\tex/latex/hyperref\nameref.sty
Package: nameref 2022-05-17 v2.50 Cross-referencing by name of section
 (C:\Program Files\MiKTeX\tex/latex/refcount\refcount.sty
Package: refcount 2019/12/15 v3.6 Data extraction from label references (HO)
) (C:\Program Files\MiKTeX\tex/generic/gettitlestring\gettitlestring.sty
Package: gettitlestring 2019/12/15 v1.6 Cleanup title references (HO)
 (C:\Program Files\MiKTeX\tex/latex/kvoptions\kvoptions.sty
Package: kvoptions 2022-06-15 v3.15 Key value format for package options (HO)
))
\c@section@level=\count195
)
\@linkdim=\dimen144
\Hy@linkcounter=\count196
\Hy@pagecounter=\count197
 (C:\Program Files\MiKTeX\tex/latex/hyperref\pd1enc.def
File: pd1enc.def 2023-02-07 v7.00v Hyperref: PDFDocEncoding definition (HO)
Now handling font encoding PD1 ...
... no UTF-8 mapping file for font encoding PD1
) (C:\Program Files\MiKTeX\tex/generic/intcalc\intcalc.sty
Package: intcalc 2019/12/15 v1.3 Expandable calculations with integers (HO)
) (C:\Program Files\MiKTeX\tex/generic/etexcmds\etexcmds.sty
Package: etexcmds 2019/12/15 v1.7 Avoid name clashes with e-TeX commands (HO)
)
\Hy@SavedSpaceFactor=\count198
 (C:\Program Files\MiKTeX\tex/latex/hyperref\puenc.def
File: puenc.def 2023-02-07 v7.00v Hyperref: PDF Unicode definition (HO)
Now handling font encoding PU ...
... no UTF-8 mapping file for font encoding PU
)
Package hyperref Info: Option `unicode' set `true' on input line 3164.
Package hyperref Info: Option `unicode' set `true' on input line 4060.
Package hyperref Info: Hyper figures OFF on input line 4177.
Package hyperref Info: Link nesting OFF on input line 4182.
Package hyperref Info: Hyper index ON on input line 4185.
Package hyperref Info: Plain pages OFF on input line 4192.
Package hyperref Info: Backreferencing OFF on input line 4197.
Package hyperref Info: Implicit mode ON; LaTeX internals redefined.
Package hyperref Info: Bookmarks ON on input line 4425.
\c@Hy@tempcnt=\count199
 (C:\Program Files\MiKTeX\tex/latex/url\url.sty
\Urlmuskip=\muskip16
Package: url 2013/09/16  ver 3.4  Verb mode for urls, etc.
)
LaTeX Info: Redefining \url on input line 4763.
\XeTeXLinkMargin=\dimen145
 (C:\Program Files\MiKTeX\tex/generic/bitset\bitset.sty
Package: bitset 2019/12/09 v1.3 Handle bit-vector datatype (HO)
 (C:\Program Files\MiKTeX\tex/generic/bigintcalc\bigintcalc.sty
Package: bigintcalc 2019/12/15 v1.5 Expandable calculations on big integers (HO)
))
\Fld@menulength=\count266
\Field@Width=\dimen146
\Fld@charsize=\dimen147
Package hyperref Info: Hyper figures OFF on input line 6042.
Package hyperref Info: Link nesting OFF on input line 6047.
Package hyperref Info: Hyper index ON on input line 6050.
Package hyperref Info: backreferencing OFF on input line 6057.
Package hyperref Info: Link coloring OFF on input line 6062.
Package hyperref Info: Link coloring with OCG OFF on input line 6067.
Package hyperref Info: PDF/A mode OFF on input line 6072.
 (C:\Program Files\MiKTeX\tex/latex/base\atbegshi-ltx.sty
Package: atbegshi-ltx 2021/01/10 v1.0c Emulation of the original atbegshi
package with kernel methods
)
\Hy@abspage=\count267
\c@Item=\count268
\c@Hfootnote=\count269
)
Package hyperref Info: Driver (autodetected): hpdftex.
 (C:\Program Files\MiKTeX\tex/latex/hyperref\hpdftex.def
File: hpdftex.def 2023-02-07 v7.00v Hyperref driver for pdfTeX
 (C:\Program Files\MiKTeX\tex/latex/base\atveryend-ltx.sty
Package: atveryend-ltx 2020/08/19 v1.0a Emulation of the original atveryend package
with kernel methods
)
\Fld@listcount=\count270
\c@bookmark@seq@number=\count271
 (C:\Program Files\MiKTeX\tex/latex/rerunfilecheck\rerunfilecheck.sty
Package: rerunfilecheck 2022-07-10 v1.10 Rerun checks for auxiliary files (HO)
 (C:\Program Files\MiKTeX\tex/generic/uniquecounter\uniquecounter.sty
Package: uniquecounter 2019/12/15 v1.4 Provide unlimited unique counter (HO)
)
Package uniquecounter Info: New unique counter `rerunfilecheck' on input line 285.
)
\Hy@SectionHShift=\skip50
) (C:\Program Files\MiKTeX\tex/latex/l3backend\l3backend-pdftex.def
File: l3backend-pdftex.def 2023-03-30 L3 backend support: PDF output (pdfTeX)
\l__color_backend_stack_int=\count272
\l__pdf_internal_box=\box51
) (tickets.aux)
\openout1 = `tickets.aux'.

LaTeX Font Info:    Checking defaults for OML/cmm/m/it on input line 10.
LaTeX Font Info:    ... okay on input line 10.
LaTeX Font Info:    Checking defaults for OMS/cmsy/m/n on input line 10.
LaTeX Font Info:    ... okay on input line 10.
LaTeX Font Info:    Checking defaults for OT1/cmr/m/n on input line 10.
LaTeX Font Info:    ... okay on input line 10.
LaTeX Font Info:    Checking defaults for T1/cmr/m/n on input line 10.
LaTeX Font Info:    ... okay on input line 10.
LaTeX Font Info:    Checking defaults for TS1/cmr/m/n on input line 10.
LaTeX Font Info:    ... okay on input line 10.
LaTeX Font Info:    Checking defaults for OMX/cmex/m/n on input line 10.
LaTeX Font Info:    ... okay on input line 10.
LaTeX Font Info:    Checking defaults for U/cmr/m/n on input line 10.
LaTeX Font Info:    ... okay on input line 10.
LaTeX Font Info:    Checking defaults for T2A/cmr/m/n on input line 10.
LaTeX Font Info:    ... okay on input line 10.
LaTeX Font Info:    Checking defaults for PD1/pdf/m/n on input line 10.
LaTeX Font Info:    ... okay on input line 10.
LaTeX Font Info:    Checking defaults for PU/pdf/m/n on input line 10.
LaTeX Font Info:    ... okay on input line 10.
LaTeX Info: Redefining \th on input line 10.
 (C:\Program Files\MiKTeX\tex/context/base/mkii\supp-pdf.mkii
[Loading MPS to PDF converter (version 2006.09.02).]
\scratchcounter=\count273
\scratchdimen=\dimen148
\scratchbox=\box52
\nofMPsegments=\count274
\nofMParguments=\count275
\everyMPshowfont=\toks20
\MPscratchCnt=\count276
\MPscratchDim=\dimen149
\MPnumerator=\count277
\makeMPintoPDFobject=\count278
\everyMPtoPDFconversion=\toks21
) (C:\Program Files\MiKTeX\tex/latex/epstopdf-pkg\epstopdf-base.sty
Package: epstopdf-base 2020-01-24 v2.11 Base part for package epstopdf
Package epstopdf-base Info: Redefining graphics rule for `.eps' on input line 485.
 (C:\Program Files\MiKTeX\tex/latex/00miktex\epstopdf-sys.cfg
File: epstopdf-sys.cfg 2021/03/18 v2.0 Configuration of epstopdf for MiKTeX
))
Package hyperref Info: Link coloring OFF on input line 10.
 (tickets.out) (tickets.out)
\@outlinefile=\write3
\openout3 = `tickets.out'.

 (tickets.toc)
\tf@toc=\write4
\openout4 = `tickets.toc'.

 [1

{C:/ProgramData/MiKTeX/fonts/map/pdftex/pdftex.map}]
<images//1.1.png, id=102, 476.53032pt x 411.78844pt>
File: images//1.1.png Graphic file (type png)
<use images//1.1.png>
Package pdftex.def Info: images//1.1.png  used on input line 22.
(pdftex.def)             Requested size: 284.52756pt x 245.88112pt.
<images//1.4.png, id=104, 572.1375pt x 276.28218pt>
File: images//1.4.png Graphic file (type png)
<use images//1.4.png>
Package pdftex.def Info: images//1.4.png  used on input line 37.
(pdftex.def)             Requested size: 227.62204pt x 109.91649pt.
<images//1.2.png, id=105, 250.68657pt x 33.12375pt>
File: images//1.2.png Graphic file (type png)
<use images//1.2.png>
Package pdftex.def Info: images//1.2.png  used on input line 52.
(pdftex.def)             Requested size: 227.62204pt x 30.07744pt.
 [2 <./images//1.1.png> <./images//1.4.png>]
<images//1.5.png, id=112, 486.31688pt x 216.81pt>
File: images//1.5.png Graphic file (type png)
<use images//1.5.png>
Package pdftex.def Info: images//1.5.png  used on input line 54.
(pdftex.def)             Requested size: 227.62204pt x 101.47725pt.
<images//1.3.png, id=113, 607.51968pt x 152.82094pt>
File: images//1.3.png Graphic file (type png)
<use images//1.3.png>
Package pdftex.def Info: images//1.3.png  used on input line 65.
(pdftex.def)             Requested size: 227.62204pt x 57.2564pt.
 [3 <./images//1.2.png> <./images//1.5.png> <./images//1.3.png>]
LaTeX Font Info:    Trying to load font information for U+msa on input line 115.
 (C:\Program Files\MiKTeX\tex/latex/amsfonts\umsa.fd
File: umsa.fd 2013/01/14 v3.01 AMS symbols A
)
LaTeX Font Info:    Trying to load font information for U+msb on input line 115.
 (C:\Program Files\MiKTeX\tex/latex/amsfonts\umsb.fd
File: umsb.fd 2013/01/14 v3.01 AMS symbols B
)
<images//3.1.png, id=126, 591.71063pt x 140.02313pt>
File: images//3.1.png Graphic file (type png)
<use images//3.1.png>
Package pdftex.def Info: images//3.1.png  used on input line 130.
(pdftex.def)             Requested size: 341.43306pt x 80.79897pt.

Overfull \hbox (21.43309pt too wide) in paragraph at lines 130--131
 [] 
 []

<images//3.2.png, id=127, 422.32782pt x 61.73062pt>
File: images//3.2.png Graphic file (type png)
<use images//3.2.png>
Package pdftex.def Info: images//3.2.png  used on input line 136.
(pdftex.def)             Requested size: 341.43306pt x 49.90732pt.

Overfull \hbox (21.43309pt too wide) in paragraph at lines 136--137
 [] 
 []

<images//3.3.png, id=128, 452.4403pt x 46.67438pt>
File: images//3.3.png Graphic file (type png)
<use images//3.3.png>
Package pdftex.def Info: images//3.3.png  used on input line 142.
(pdftex.def)             Requested size: 341.43306pt x 35.22218pt.

Overfull \hbox (21.43309pt too wide) in paragraph at lines 142--143
 [] 
 []

<images//4.1.png, id=129, 465.23813pt x 72.27pt>
File: images//4.1.png Graphic file (type png)
<use images//4.1.png>
Package pdftex.def Info: images//4.1.png  used on input line 155.
(pdftex.def)             Requested size: 341.43306pt x 53.04005pt.
[4 <./images//3.1.png> <./images//3.2.png> <./images//3.3.png>]
<images//4.2.png, id=141, 462.97969pt x 47.42719pt>
File: images//4.2.png Graphic file (type png)
<use images//4.2.png>
Package pdftex.def Info: images//4.2.png  used on input line 162.
(pdftex.def)             Requested size: 341.43306pt x 34.97615pt.
<images//4.3.png, id=142, 449.42906pt x 87.32625pt>
File: images//4.3.png Graphic file (type png)
<use images//4.3.png>
Package pdftex.def Info: images//4.3.png  used on input line 173.
(pdftex.def)             Requested size: 341.43306pt x 66.34465pt.

Overfull \hbox (21.43309pt too wide) in paragraph at lines 173--174
 [] 
 []

<images//4.4.png, id=143, 387.69844pt x 70.01157pt>
File: images//4.4.png Graphic file (type png)
<use images//4.4.png>
Package pdftex.def Info: images//4.4.png  used on input line 179.
(pdftex.def)             Requested size: 284.52756pt x 51.38148pt.
<images//4.5.png, id=144, 232.61906pt x 82.05656pt>
File: images//4.5.png Graphic file (type png)
<use images//4.5.png>
Package pdftex.def Info: images//4.5.png  used on input line 185.
(pdftex.def)             Requested size: 227.62204pt x 80.29591pt.
<images//4.6.png, id=145, 350.05782pt x 106.89937pt>
File: images//4.6.png Graphic file (type png)
<use images//4.6.png>
Package pdftex.def Info: images//4.6.png  used on input line 191.
(pdftex.def)             Requested size: 284.52756pt x 86.89302pt.
[5 <./images//4.1.png> <./images//4.2.png> <./images//4.3.png> <./images//4.4.png> <./images//4.5.png>]
<images//5.1.png, id=159, 449.42906pt x 194.22563pt>
File: images//5.1.png Graphic file (type png)
<use images//5.1.png>
Package pdftex.def Info: images//5.1.png  used on input line 199.
(pdftex.def)             Requested size: 284.52756pt x 122.96736pt.
<images//6.1.png, id=160, 437.38406pt x 42.1575pt>
File: images//6.1.png Graphic file (type png)
<use images//6.1.png>
Package pdftex.def Info: images//6.1.png  used on input line 205.
(pdftex.def)             Requested size: 284.52756pt x 27.42455pt.
<images//7.1.png, id=161, 438.13687pt x 105.39375pt>
File: images//7.1.png Graphic file (type png)
<use images//7.1.png>
Package pdftex.def Info: images//7.1.png  used on input line 211.
(pdftex.def)             Requested size: 284.52756pt x 68.444pt.
<images//7.2.png, id=162, 434.37282pt x 206.27063pt>
File: images//7.2.png Graphic file (type png)
<use images//7.2.png>
Package pdftex.def Info: images//7.2.png  used on input line 214.
(pdftex.def)             Requested size: 284.52756pt x 135.11925pt.
 [6 <./images//4.6.png> <./images//5.1.png> <./images//6.1.png> <./images//7.1.png>]
<images//8.1.png, id=171, 454.69875pt x 225.84375pt>
File: images//8.1.png Graphic file (type png)
<use images//8.1.png>
Package pdftex.def Info: images//8.1.png  used on input line 220.
(pdftex.def)             Requested size: 341.43306pt x 169.58914pt.
<images//8.2.png, id=172, 444.15938pt x 176.91093pt>
File: images//8.2.png Graphic file (type png)
<use images//8.2.png>
Package pdftex.def Info: images//8.2.png  used on input line 223.
(pdftex.def)             Requested size: 284.52756pt x 113.32788pt.
<images//8.3.png, id=173, 459.21562pt x 174.6525pt>
File: images//8.3.png Graphic file (type png)
<use images//8.3.png>
Package pdftex.def Info: images//8.3.png  used on input line 226.
(pdftex.def)             Requested size: 284.52756pt x 108.21947pt.
 [7 <./images//7.2.png> <./images//8.1.png> <./images//8.2.png>]
<images//8.4.png, id=182, 438.8897pt x 214.55156pt>
File: images//8.4.png Graphic file (type png)
<use images//8.4.png>
Package pdftex.def Info: images//8.4.png  used on input line 229.
(pdftex.def)             Requested size: 284.52756pt x 139.09346pt.
<images//9.1.png, id=183, 451.6875pt x 250.68657pt>
File: images//9.1.png Graphic file (type png)
<use images//9.1.png>
Package pdftex.def Info: images//9.1.png  used on input line 240.
(pdftex.def)             Requested size: 284.52756pt x 157.92189pt.
<images//9.2.png, id=184, 447.17062pt x 143.03438pt>
File: images//9.2.png Graphic file (type png)
<use images//9.2.png>
Package pdftex.def Info: images//9.2.png  used on input line 247.
(pdftex.def)             Requested size: 284.52756pt x 91.01132pt.
 [8 <./images//8.3.png> <./images//8.4.png> <./images//9.1.png>]
<images//9.3.png, id=193, 473.51906pt x 246.1697pt>
File: images//9.3.png Graphic file (type png)
<use images//9.3.png>
Package pdftex.def Info: images//9.3.png  used on input line 253.
(pdftex.def)             Requested size: 284.52756pt x 147.9208pt.
<images//9.4.png, id=194, 471.26062pt x 257.46187pt>
File: images//9.4.png Graphic file (type png)
<use images//9.4.png>
Package pdftex.def Info: images//9.4.png  used on input line 256.
(pdftex.def)             Requested size: 284.52756pt x 155.44472pt.
<images//9.5.png, id=195, 454.69875pt x 158.09062pt>
File: images//9.5.png Graphic file (type png)
<use images//9.5.png>
Package pdftex.def Info: images//9.5.png  used on input line 262.
(pdftex.def)             Requested size: 284.52756pt x 98.927pt.
 [9 <./images//9.2.png> <./images//9.3.png> <./images//9.4.png>]
<images//9.6.png, id=205, 464.4853pt x 133.24782pt>
File: images//9.6.png Graphic file (type png)
<use images//9.6.png>
Package pdftex.def Info: images//9.6.png  used on input line 268.
(pdftex.def)             Requested size: 284.52756pt x 81.62465pt.
<images//9.7.png, id=206, 441.90094pt x 215.30438pt>
File: images//9.7.png Graphic file (type png)
<use images//9.7.png>
Package pdftex.def Info: images//9.7.png  used on input line 276.
(pdftex.def)             Requested size: 284.52756pt x 138.63536pt.
<images//10.1.png, id=207, 445.665pt x 257.46187pt>
File: images//10.1.png Graphic file (type png)
<use images//10.1.png>
Package pdftex.def Info: images//10.1.png  used on input line 282.
(pdftex.def)             Requested size: 341.43306pt x 197.24838pt.
 [10 <./images//9.5.png> <./images//9.6.png> <./images//9.7.png>]
<images//11.1.png, id=216, 435.87843pt x 197.23688pt>
File: images//11.1.png Graphic file (type png)
<use images//11.1.png>
Package pdftex.def Info: images//11.1.png  used on input line 288.
(pdftex.def)             Requested size: 341.43306pt x 154.50021pt.
<images//12.1.png, id=217, 441.14813pt x 70.01157pt>
File: images//12.1.png Graphic file (type png)
<use images//12.1.png>
Package pdftex.def Info: images//12.1.png  used on input line 294.
(pdftex.def)             Requested size: 341.43306pt x 54.18895pt.
<images//12.2.png, id=218, 465.23813pt x 127.22531pt>
File: images//12.2.png Graphic file (type png)
<use images//12.2.png>
Package pdftex.def Info: images//12.2.png  used on input line 297.
(pdftex.def)             Requested size: 341.43306pt x 93.3726pt.
 [11 <./images//10.1.png> <./images//11.1.png> <./images//12.1.png>]
<images//13.2.png, id=226, 446.41782pt x 32.37094pt>
File: images//13.2.png Graphic file (type png)
<use images//13.2.png>
Package pdftex.def Info: images//13.2.png  used on input line 303.
(pdftex.def)             Requested size: 341.43306pt x 24.75873pt.
<images//13.1.png, id=227, 452.4403pt x 213.79875pt>
File: images//13.1.png Graphic file (type png)
<use images//13.1.png>
Package pdftex.def Info: images//13.1.png  used on input line 306.
(pdftex.def)             Requested size: 341.43306pt x 161.3404pt.
<images//14.1.png, id=228, 472.76625pt x 241.65282pt>
File: images//14.1.png Graphic file (type png)
<use images//14.1.png>
Package pdftex.def Info: images//14.1.png  used on input line 312.
(pdftex.def)             Requested size: 341.43306pt x 174.52455pt.
<images//14.2.png, id=229, 427.5975pt x 189.70876pt>
File: images//14.2.png Graphic file (type png)
<use images//14.2.png>
Package pdftex.def Info: images//14.2.png  used on input line 315.
(pdftex.def)             Requested size: 341.43306pt x 151.48062pt.
 [12 <./images//12.2.png> <./images//13.2.png> <./images//13.1.png> <./images//14.1.png>]
<images//15.1.png, id=238, 467.49657pt x 123.46124pt>
File: images//15.1.png Graphic file (type png)
<use images//15.1.png>
Package pdftex.def Info: images//15.1.png  used on input line 322.
(pdftex.def)             Requested size: 284.52756pt x 75.14357pt.
<images//16.1.png, id=239, 638.385pt x 313.9228pt>
File: images//16.1.png Graphic file (type png)
<use images//16.1.png>
Package pdftex.def Info: images//16.1.png  used on input line 328.
(pdftex.def)             Requested size: 341.43306pt x 167.89673pt.
<images//16.2.png, id=240, 624.08156pt x 281.55188pt>
File: images//16.2.png Graphic file (type png)
<use images//16.2.png>
Package pdftex.def Info: images//16.2.png  used on input line 330.
(pdftex.def)             Requested size: 341.43306pt x 154.03773pt.
 [13 <./images//14.2.png> <./images//15.1.png> <./images//16.1.png>]
<images//16.3.png, id=249, 642.14906pt x 307.90031pt>
File: images//16.3.png Graphic file (type png)
<use images//16.3.png>
Package pdftex.def Info: images//16.3.png  used on input line 333.
(pdftex.def)             Requested size: 341.43306pt x 163.71727pt.
<images//16.4.png, id=250, 670.00313pt x 330.48468pt>
File: images//16.4.png Graphic file (type png)
<use images//16.4.png>
Package pdftex.def Info: images//16.4.png  used on input line 336.
(pdftex.def)             Requested size: 341.43306pt x 168.41383pt.
<images//16.5.png, id=251, 649.67719pt x 306.39468pt>
File: images//16.5.png Graphic file (type png)
<use images//16.5.png>
Package pdftex.def Info: images//16.5.png  used on input line 339.
(pdftex.def)             Requested size: 341.43306pt x 161.02792pt.
 [14 <./images//16.2.png> <./images//16.3.png> <./images//16.4.png>]
<images//17.1.png, id=259, 659.46375pt x 314.67563pt>
File: images//17.1.png Graphic file (type png)
<use images//17.1.png>
Package pdftex.def Info: images//17.1.png  used on input line 348.
(pdftex.def)             Requested size: 341.43306pt x 162.92644pt.
<images//17.3.png, id=260, 632.3625pt x 252.945pt>
File: images//17.3.png Graphic file (type png)
<use images//17.3.png>
Package pdftex.def Info: images//17.3.png  used on input line 356.
(pdftex.def)             Requested size: 284.52756pt x 113.8126pt.
 [15 <./images//16.5.png> <./images//17.1.png> <./images//17.3.png>]
<images//17.2.png, id=268, 583.42969pt x 262.73157pt>
File: images//17.2.png Graphic file (type png)
<use images//17.2.png>
Package pdftex.def Info: images//17.2.png  used on input line 362.
(pdftex.def)             Requested size: 284.52756pt x 128.13022pt.
<images//17.4.png, id=269, 582.67688pt x 200.24812pt>
File: images//17.4.png Graphic file (type png)
<use images//17.4.png>
Package pdftex.def Info: images//17.4.png  used on input line 370.
(pdftex.def)             Requested size: 284.52756pt x 97.78633pt.
<images//17.5.png, id=270, 418.56375pt x 166.37157pt>
File: images//17.5.png Graphic file (type png)
<use images//17.5.png>
Package pdftex.def Info: images//17.5.png  used on input line 373.
(pdftex.def)             Requested size: 284.52756pt x 113.09306pt.
 [16 <./images//17.2.png> <./images//17.4.png> <./images//17.5.png>] (tickets.aux)
Package rerunfilecheck Info: File `tickets.out' has not changed.
(rerunfilecheck)             Checksum: 2429A9E43BB8AB3E16C24BEBF5C90566;1791.
 ) 
Here is how much of TeX's memory you used:
 11398 strings out of 476331
 178056 string characters out of 5797580
 1857660 words of memory out of 5000000
 31607 multiletter control sequences out of 15000+600000
 517224 words of font info for 44 fonts, out of 8000000 for 9000
 1141 hyphenation exceptions out of 8191
 75i,6n,76p,317b,607s stack positions out of 10000i,1000n,20000p,200000b,200000s
 <C:\Users\danii\AppData\Local\MiKTeX\fonts/pk/ljfour/lh/lh-t2a/dpi600\larm1000.pk> <C:\Users\danii\AppData\Local\MiKTeX\fonts/pk/ljfour/lh/lh-t2a/dpi600\labx1000.pk> <C:\Users\danii\AppData\Local\MiKTeX\fonts/pk/ljfour/lh/lh-t2a/dpi600\labx1440.pk><C:/Program Files/MiKTeX/fonts/type1/public/amsfonts/cm/cmex10.pfb>
Output written on tickets.pdf (16 pages, 1904540 bytes).
PDF statistics:
 444 PDF objects out of 1000 (max. 8388607)
 52 named destinations out of 1000 (max. 500000)
 385 words of extra memory for PDF output out of 10000 (max. 10000000)

